<?xml version="1.0" encoding="UTF-8"?>
<!-- Generated by org.testng.reporters.JUnitReportReporter -->
<testsuite hostname="Arthur" failures="0" tests="1" name="com.automation.tests.InternetCoverageTest" time="17.818" errors="0" timestamp="2024-12-30T11:23:31 WET" skipped="0">
  <testcase classname="com.automation.tests.InternetCoverageTest" name="testInternetCoverage" time="17.818"/>
  <system-out/>
</testsuite> <!-- com.automation.tests.InternetCoverageTest -->
